DealsAnywhere2/proguard/seeds.txt
com.jstakun.gms.android.ui.deals.DealCategoryListActivity
com.jstakun.gms.android.ui.deals.DealCategoryListActivity: DealCategoryListActivity()
com.jstakun.gms.android.ui.deals.DealCategoryListActivity: void onClick(android.view.View)
com.jstakun.gms.android.ui.deals.DealMap2Activity
com.jstakun.gms.android.ui.deals.DealMap2Activity: DealMap2Activity()
com.jstakun.gms.android.ui.deals.DealMap2Activity: void onClick(android.view.View)
com.jstakun.gms.android.ui.deals.DealMapActivity
com.jstakun.gms.android.ui.deals.DealMapActivity: DealMapActivity()
com.jstakun.gms.android.ui.deals.DealMapActivity: void onClick(android.view.View)
com.jstakun.gms.android.ui.deals.DealMapApp
com.jstakun.gms.android.ui.deals.DealMapApp: DealMapApp()
com.jstakun.gms.android.ui.deals.DealMapDispatchActivity
com.jstakun.gms.android.ui.deals.DealMapDispatchActivity: DealMapDispatchActivity()
com.jstakun.gms.android.ui.deals.DealsDialogPreference
com.jstakun.gms.android.ui.deals.DealsDialogPreference: DealsDialogPreference(android.content.Context,android.util.AttributeSet)
com.jstakun.gms.android.ui.deals.DealsSuggestionProvider
com.jstakun.gms.android.ui.deals.DealsSuggestionProvider: DealsSuggestionProvider()
com.jstakun.gms.android.ui.deals.SettingsActivity
com.jstakun.gms.android.ui.deals.SettingsActivity: SettingsActivity()
...
com.google.analytics.containertag.proto.MutableDebug$ResolvedFunctionCall: long serialVersionUID
com.google.analytics.containertag.proto.MutableDebug$ResolvedFunctionCall: java.lang.Object writeReplace()
com.google.analytics.containertag.proto.MutableDebug$ResolvedProperty: long serialVersionUID
com.google.analytics.containertag.proto.MutableDebug$ResolvedProperty: java.lang.Object writeReplace()
com.google.analytics.containertag.proto.MutableDebug$ResolvedRule: long serialVersionUID
com.google.analytics.containertag.proto.MutableDebug$ResolvedRule: java.lang.Object writeReplace()
com.google.analytics.containertag.proto.MutableDebug$RuleEvaluationStepInfo: long serialVersionUID
com.google.analytics.containertag.proto.MutableDebug$RuleEvaluationStepInfo: java.lang.Object writeReplace()
com.google.analytics.containertag.proto.MutableServing$CacheOption: long serialVersionUID
com.google.analytics.containertag.proto.MutableServing$CacheOption: java.lang.Object writeReplace()
com.google.analytics.containertag.proto.MutableServing$CacheOption$CacheLevel: com.google.analytics.containertag.proto.MutableServing$CacheOption$CacheLevel[] values()
com.google.analytics.containertag.proto.MutableServing$CacheOption$CacheLevel: com.google.analytics.containertag.proto.MutableServing$CacheOption$CacheLevel valueOf(java.lang.String)
com.google.analytics.containertag.proto.MutableServing$Container: long serialVersionUID
com.google.analytics.containertag.proto.MutableServing$Container: java.lang.Object writeReplace()
com.google.analytics.containertag.proto.MutableServing$FunctionCall: long serialVersionUID
com.google.analytics.containertag.proto.MutableServing$FunctionCall: java.lang.Object writeReplace()
com.google.analytics.containertag.proto.MutableServing$OptionalResource: long serialVersionUID
com.google.analytics.containertag.proto.MutableServing$OptionalResource: java.lang.Object writeReplace()
com.google.analytics.containertag.proto.MutableServing$Property: long serialVersionUID
com.google.analytics.containertag.proto.MutableServing$Property: java.lang.Object writeReplace()
com.google.analytics.containertag.proto.MutableServing$Resource: long serialVersionUID
com.google.analytics.containertag.proto.MutableServing$Resource: java.lang.Object writeReplace()
com.google.analytics.containertag.proto.MutableServing$ResourceState: com.google.analytics.containertag.proto.MutableServing$ResourceState[] values()
com.google.analytics.containertag.proto.MutableServing$ResourceState: com.google.analytics.containertag.proto.MutableServing$ResourceState valueOf(java.lang.String)
com.google.analytics.containertag.proto.MutableServing$ResourceType: com.google.analytics.containertag.proto.MutableServing$ResourceType[] values()
com.google.analytics.containertag.proto.MutableServing$ResourceType: com.google.analytics.containertag.proto.MutableServing$ResourceType valueOf(java.lang.String)
com.google.analytics.containertag.proto.MutableServing$Rule: long serialVersionUID
com.google.analytics.containertag.proto.MutableServing$Rule: java.lang.Object writeReplace()
com.google.analytics.containertag.proto.MutableServing$ServingValue: long serialVersionUID
com.google.analytics.containertag.proto.MutableServing$ServingValue: java.lang.Object writeReplace()
com.google.analytics.containertag.proto.Serving$CacheOption: long serialVersionUID
com.google.analytics.containertag.proto.Serving$CacheOption: java.lang.Object writeReplace()
com.google.analytics.containertag.proto.Serving$CacheOption$CacheLevel: com.google.analytics.containertag.proto.Serving$CacheOption$CacheLevel[] values()
com.google.analytics.containertag.proto.Serving$CacheOption$CacheLevel: com.google.analytics.containertag.proto.Serving$CacheOption$CacheLevel valueOf(java.lang.String)
com.google.analytics.containertag.proto.Serving$Container: long serialVersionUID
com.google.analytics.containertag.proto.Serving$Container: java.lang.Object writeReplace()