DealsAnywhere2/proguard/usage.txt
com.jstakun.gms.android.ui.deals.BuildConfig
com.jstakun.gms.android.ui.deals.DealCategoryArrayAdapter$PositionClickListener:
    public static final int LEFT
    public static final int RIGHT
com.jstakun.gms.android.ui.deals.DealMap2Activity:
    private static final int SHOW_MAP_VIEW
com.jstakun.gms.android.ui.deals.DealMapActivity:
    private static final int SHOW_MAP_VIEW
com.jstakun.gms.android.ui.deals.DealOfTheDayDialog:
    protected static final int OPEN
    protected static final int CALL
    protected static final int ROUTE
    protected static final int SEND_MAIL
com.jstakun.gms.android.ui.deals.DealsSuggestionProvider:
    public static final java.lang.String AUTHORITY
com.jstakun.gms.android.ui.deals.Manifest
com.jstakun.gms.android.ui.deals.Manifest$permission
com.jstakun.gms.android.ui.deals.R
com.jstakun.gms.android.ui.deals.R$anim
com.jstakun.gms.android.ui.deals.R$array
com.jstakun.gms.android.ui.deals.R$attr
com.jstakun.gms.android.ui.deals.R$color
com.jstakun.gms.android.ui.deals.R$dimen
com.jstakun.gms.android.ui.deals.R$drawable
com.jstakun.gms.android.ui.deals.R$id
com.jstakun.gms.android.ui.deals.R$layout
com.jstakun.gms.android.ui.deals.R$menu
com.jstakun.gms.android.ui.deals.R$raw
com.jstakun.gms.android.ui.deals.R$string
com.jstakun.gms.android.ui.deals.R$style
com.jstakun.gms.android.ui.deals.R$styleable
com.jstakun.gms.android.ui.deals.R$xml
...
org.apache.commons.lang.CharSetUtils
org.apache.commons.lang.CharUtils
org.apache.commons.lang.ClassUtils
org.apache.commons.lang.Entities
org.apache.commons.lang.Entities$ArrayEntityMap
org.apache.commons.lang.Entities$BinaryEntityMap
org.apache.commons.lang.Entities$EntityMap
org.apache.commons.lang.Entities$HashEntityMap
org.apache.commons.lang.Entities$LookupEntityMap
org.apache.commons.lang.Entities$MapIntMap
org.apache.commons.lang.Entities$PrimitiveEntityMap
org.apache.commons.lang.Entities$TreeEntityMap
org.apache.commons.lang.IllegalClassException
org.apache.commons.lang.IncompleteArgumentException
org.apache.commons.lang.IntHashMap
org.apache.commons.lang.IntHashMap$Entry
org.apache.commons.lang.LocaleUtils
org.apache.commons.lang.NotImplementedException
org.apache.commons.lang.NullArgumentException
org.apache.commons.lang.NumberRange
org.apache.commons.lang.NumberUtils
org.apache.commons.lang.ObjectUtils:
    74:75:public ObjectUtils()
    96:96:public static java.lang.Object defaultIfNull(java.lang.Object,java.lang.Object)
    119:125:public static boolean equals(java.lang.Object,java.lang.Object)
    149:149:public static boolean notEqual(java.lang.Object,java.lang.Object)
    166:166:public static int hashCode(java.lang.Object)
    188:193:public static java.lang.String identityToString(java.lang.Object)
    212:218:public static void identityToString(java.lang.StringBuffer,java.lang.Object)
    240:246:public static java.lang.StringBuffer appendIdentityToString(java.lang.StringBuffer,java.lang.Object)
    295:295:public static java.lang.String toString(java.lang.Object,java.lang.String)
    314:314:public static java.lang.Object min(java.lang.Comparable,java.lang.Comparable)
    331:331:public static java.lang.Object max(java.lang.Comparable,java.lang.Comparable)
    345:345:public static int compare(java.lang.Comparable,java.lang.Comparable)
    362:369:public static int compare(java.lang.Comparable,java.lang.Comparable,boolean)
    381:412:public static java.lang.Object clone(java.lang.Object)
    429:430:public static java.lang.Object cloneIfPossible(java.lang.Object)
org.apache.commons.lang.RandomStringUtils
org.apache.commons.lang.SerializationException
org.apache.commons.lang.SerializationUtils
org.apache.commons.lang.StringEscapeUtils
org.apache.commons.lang.StringUtils:
    public static final java.lang.String EMPTY
    public static final int INDEX_NOT_FOUND
    private static final int PAD_LIMIT
    171:172:public StringUtils()
    233:241:public static boolean isBlank(java.lang.String)
    261:261:public static boolean isNotBlank(java.lang.String)
    286:286:public static java.lang.String clean(java.lang.String)
    393:393:public static java.lang.String strip(java.lang.String)
    420:424:public static java.lang.String stripToNull(java.lang.String)
    450:450:public static java.lang.String stripToEmpty(java.lang.String)
    480:484:public static java.lang.String strip(java.lang.String,java.lang.String)
    513:528:public static java.lang.String stripStart(java.lang.String,java.lang.String)
    558:573:public static java.lang.String stripEnd(java.lang.String,java.lang.String)
    598:598:public static java.lang.String[] stripAll(java.lang.String[])
    628:635:public static java.lang.String[] stripAll(java.lang.String[],java.lang.String)
    711:714:public static int indexOf(java.lang.String,char)
    743:746:public static int indexOf(java.lang.String,char,int)
    813:813:public static int ordinalIndexOf(java.lang.String,java.lang.String,int)
    831:850:private static int ordinalIndexOf(java.lang.String,java.lang.String,int,boolean)
    886:893:public static int indexOf(java.lang.String,java.lang.String,int)
    921:921:public static int indexOfIgnoreCase(java.lang.String,java.lang.String)
org.apache.commons.lang.SystemUtils
org.apache.commons.lang.UnhandledException
org.apache.commons.lang.Validate